Started GET "/" for 127.0.0.1 at 2020-06-04 06:37:18 -0500
  [1m[35m (1.7ms)[0m  [1m[34mSELECT sqlite_version(*)[0m
Processing by Rails::WelcomeController#index as HTML
  Rendering /home/mmoroney/.rbenv/versions/2.7.0/lib/ruby/gems/2.7.0/gems/railties-6.0.3.1/lib/rails/templates/rails/welcome/index.html.erb
  Rendered /home/mmoroney/.rbenv/versions/2.7.0/lib/ruby/gems/2.7.0/gems/railties-6.0.3.1/lib/rails/templates/rails/welcome/index.html.erb (Duration: 5.4ms | Allocations: 406)
Completed 200 OK in 14ms (Views: 8.9ms | ActiveRecord: 0.0ms | Allocations: 2335)


Started GET "/" for 127.0.0.1 at 2020-06-04 06:40:31 -0500
  [1m[35m (0.1ms)[0m  [1m[34mSELECT sqlite_version(*)[0m
Processing by Rails::WelcomeController#index as HTML
  Rendering /home/mmoroney/.rbenv/versions/2.7.0/lib/ruby/gems/2.7.0/gems/railties-6.0.3.1/lib/rails/templates/rails/welcome/index.html.erb
  Rendered /home/mmoroney/.rbenv/versions/2.7.0/lib/ruby/gems/2.7.0/gems/railties-6.0.3.1/lib/rails/templates/rails/welcome/index.html.erb (Duration: 4.6ms | Allocations: 179)
Completed 200 OK in 8ms (Views: 5.3ms | ActiveRecord: 0.0ms | Allocations: 2167)


Started GET "/" for 127.0.0.1 at 2020-06-04 06:41:19 -0500
  [1m[35m (0.1ms)[0m  [1m[34mSELECT sqlite_version(*)[0m
Processing by IndexController#index as HTML
  Rendering index/index.html.erb within layouts/application
  Rendered index/index.html.erb within layouts/application (Duration: 0.2ms | Allocations: 77)
[Webpacker] Compiling...
[Webpacker] Compiled all packs in /home/mmoroney/Desktop/weird-al-markov-chain/public/packs
[Webpacker] warning ../../package.json: No license field

[Webpacker] Hash: 15d1bb7b54cf6326b9ba
Version: webpack 4.43.0
Time: 1930ms
Built at: 06/04/2020 6:41:22 AM
                                     Asset       Size       Chunks                         Chunk Names
    js/application-9afcbb5693aa87623e69.js    124 KiB  application  [emitted] [immutable]  application
js/application-9afcbb5693aa87623e69.js.map    139 KiB  application  [emitted] [dev]        application
                             manifest.json  364 bytes               [emitted]              
Entrypoint application = js/application-9afcbb5693aa87623e69.js js/application-9afcbb5693aa87623e69.js.map
[./app/javascript/channels sync recursive _channel\.js$] ./app/javascript/channels sync _channel\.js$ 160 bytes {application} [built]
[./app/javascript/channels/index.js] 211 bytes {application} [built]
[./app/javascript/packs/application.js] 749 bytes {application} [built]
[./node_modules/webpack/buildin/module.js] (webpack)/buildin/module.js 552 bytes {application} [built]
    + 3 hidden modules

Completed 200 OK in 3216ms (Views: 3215.7ms | ActiveRecord: 0.0ms | Allocations: 17420)


Started GET "/" for 127.0.0.1 at 2020-06-04 06:44:23 -0500
  [1m[35m (0.1ms)[0m  [1m[34mSELECT sqlite_version(*)[0m
Processing by IndexController#index as HTML
Completed 500 Internal Server Error in 60ms (ActiveRecord: 0.0ms | Allocations: 42788)


  
NoMethodError (undefined method `scrape' for #<IndexController:0x00007f6a68013748>):
  
app/controllers/index_controller.rb:7:in `index'
Started GET "/" for 127.0.0.1 at 2020-06-04 06:44:42 -0500
  [1m[35m (0.1ms)[0m  [1m[34mSELECT sqlite_version(*)[0m
Processing by IndexController#index as HTML
  Rendering index/index.html.erb within layouts/application
  Rendered index/index.html.erb within layouts/application (Duration: 0.1ms | Allocations: 5)
[Webpacker] Everything's up-to-date. Nothing to do
Completed 200 OK in 1130ms (Views: 10.7ms | ActiveRecord: 0.0ms | Allocations: 47965)


Started GET "/" for 127.0.0.1 at 2020-06-04 06:47:33 -0500
  [1m[35m (0.1ms)[0m  [1m[34mSELECT sqlite_version(*)[0m
Processing by IndexController#index as HTML
Completed 500 Internal Server Error in 172ms (ActiveRecord: 0.0ms | Allocations: 4068)


  
NoMethodError (undefined method `value' for nil:NilClass):
  
app/controllers/index_controller.rb:12:in `block in grab_urls'
app/controllers/index_controller.rb:11:in `grab_urls'
app/controllers/index_controller.rb:22:in `index'
Started GET "/" for 127.0.0.1 at 2020-06-04 06:47:54 -0500
  [1m[35m (0.1ms)[0m  [1m[34mSELECT sqlite_version(*)[0m
Processing by IndexController#index as HTML
  Rendering index/index.html.erb within layouts/application
  Rendered index/index.html.erb within layouts/application (Duration: 0.0ms | Allocations: 4)
[Webpacker] Everything's up-to-date. Nothing to do
Completed 200 OK in 201ms (Views: 4.2ms | ActiveRecord: 0.0ms | Allocations: 8242)


Started GET "/" for 127.0.0.1 at 2020-06-04 06:51:22 -0500
  [1m[35m (0.1ms)[0m  [1m[34mSELECT sqlite_version(*)[0m
Processing by IndexController#index as HTML
  Rendering index/index.html.erb within layouts/application
  Rendered index/index.html.erb within layouts/application (Duration: 0.1ms | Allocations: 5)
[Webpacker] Everything's up-to-date. Nothing to do
Completed 200 OK in 511ms (Views: 9.8ms | ActiveRecord: 0.0ms | Allocations: 206696)


Started GET "/" for 127.0.0.1 at 2020-06-04 06:51:37 -0500
  [1m[35m (0.1ms)[0m  [1m[34mSELECT sqlite_version(*)[0m
Processing by IndexController#index as HTML
  Rendering index/index.html.erb within layouts/application
  Rendered index/index.html.erb within layouts/application (Duration: 0.0ms | Allocations: 4)
[Webpacker] Everything's up-to-date. Nothing to do
Completed 200 OK in 477ms (Views: 4.3ms | ActiveRecord: 0.0ms | Allocations: 206652)


Started GET "/" for 127.0.0.1 at 2020-06-04 06:53:21 -0500
  [1m[35m (0.1ms)[0m  [1m[34mSELECT sqlite_version(*)[0m
Processing by IndexController#index as HTML
  Rendering index/index.html.erb within layouts/application
  Rendered index/index.html.erb within layouts/application (Duration: 0.0ms | Allocations: 4)
[Webpacker] Everything's up-to-date. Nothing to do
Completed 200 OK in 731ms (Views: 5.1ms | ActiveRecord: 0.0ms | Allocations: 207661)


Started GET "/" for 127.0.0.1 at 2020-06-04 06:56:11 -0500
  [1m[35m (0.1ms)[0m  [1m[34mSELECT sqlite_version(*)[0m
Processing by IndexController#index as HTML
  Rendering index/index.html.erb within layouts/application
  Rendered index/index.html.erb within layouts/application (Duration: 0.0ms | Allocations: 4)
[Webpacker] Everything's up-to-date. Nothing to do
Completed 200 OK in 608ms (Views: 8.7ms | ActiveRecord: 0.0ms | Allocations: 208173)


Started GET "/" for 127.0.0.1 at 2020-06-04 06:56:40 -0500
  [1m[35m (0.1ms)[0m  [1m[34mSELECT sqlite_version(*)[0m
Processing by IndexController#index as HTML
  Rendering index/index.html.erb within layouts/application
  Rendered index/index.html.erb within layouts/application (Duration: 0.0ms | Allocations: 4)
[Webpacker] Everything's up-to-date. Nothing to do
Completed 200 OK in 437ms (Views: 4.9ms | ActiveRecord: 0.0ms | Allocations: 196440)


Started GET "/" for 127.0.0.1 at 2020-06-04 06:57:59 -0500
  [1m[35m (0.1ms)[0m  [1m[34mSELECT sqlite_version(*)[0m
Processing by IndexController#index as HTML
  Rendering index/index.html.erb within layouts/application
  Rendered index/index.html.erb within layouts/application (Duration: 0.1ms | Allocations: 4)
[Webpacker] Everything's up-to-date. Nothing to do
Completed 200 OK in 460ms (Views: 5.0ms | ActiveRecord: 0.0ms | Allocations: 176157)


Started GET "/" for 127.0.0.1 at 2020-06-04 06:58:27 -0500
  [1m[35m (0.1ms)[0m  [1m[34mSELECT sqlite_version(*)[0m
Processing by IndexController#index as HTML
  Rendering index/index.html.erb within layouts/application
  Rendered index/index.html.erb within layouts/application (Duration: 0.0ms | Allocations: 4)
[Webpacker] Everything's up-to-date. Nothing to do
Completed 200 OK in 265ms (Views: 5.8ms | ActiveRecord: 0.0ms | Allocations: 16872)


Started GET "/" for 127.0.0.1 at 2020-06-04 06:58:36 -0500
  [1m[35m (0.6ms)[0m  [1m[34mSELECT sqlite_version(*)[0m
Processing by IndexController#index as HTML
  Rendering index/index.html.erb within layouts/application
  Rendered index/index.html.erb within layouts/application (Duration: 0.0ms | Allocations: 4)
[Webpacker] Everything's up-to-date. Nothing to do
Completed 200 OK in 322ms (Views: 10.7ms | ActiveRecord: 0.0ms | Allocations: 15851)


Started GET "/" for 127.0.0.1 at 2020-06-04 07:00:33 -0500
  [1m[35m (0.1ms)[0m  [1m[34mSELECT sqlite_version(*)[0m
Processing by IndexController#index as HTML
  Rendering index/index.html.erb within layouts/application
  Rendered index/index.html.erb within layouts/application (Duration: 0.0ms | Allocations: 4)
[Webpacker] Everything's up-to-date. Nothing to do
Completed 200 OK in 544ms (Views: 5.3ms | ActiveRecord: 0.0ms | Allocations: 176168)


Started GET "/" for 127.0.0.1 at 2020-06-04 07:01:04 -0500
  [1m[35m (0.1ms)[0m  [1m[34mSELECT sqlite_version(*)[0m
Processing by IndexController#index as HTML
Completed 500 Internal Server Error in 418ms (ActiveRecord: 0.0ms | Allocations: 5031)


  
NoMethodError (undefined method `attributes' for #<Nokogiri::XML::NodeSet:0x000055dcb4b3b0c8>
Did you mean?  attribute):
  
app/controllers/index_controller.rb:18:in `block in grab_urls'
app/controllers/index_controller.rb:16:in `each'
app/controllers/index_controller.rb:16:in `grab_urls'
app/controllers/index_controller.rb:30:in `index'
Started GET "/" for 127.0.0.1 at 2020-06-04 07:01:54 -0500
  [1m[35m (0.1ms)[0m  [1m[34mSELECT sqlite_version(*)[0m
Processing by IndexController#index as HTML
  Rendering index/index.html.erb within layouts/application
  Rendered index/index.html.erb within layouts/application (Duration: 0.0ms | Allocations: 4)
[Webpacker] Everything's up-to-date. Nothing to do
Completed 200 OK in 434ms (Views: 4.3ms | ActiveRecord: 0.0ms | Allocations: 21250)


Started GET "/" for 127.0.0.1 at 2020-06-04 07:02:15 -0500
  [1m[35m (0.1ms)[0m  [1m[34mSELECT sqlite_version(*)[0m
Processing by IndexController#index as HTML
  Rendering index/index.html.erb within layouts/application
  Rendered index/index.html.erb within layouts/application (Duration: 0.1ms | Allocations: 4)
[Webpacker] Everything's up-to-date. Nothing to do
Completed 200 OK in 445ms (Views: 5.7ms | ActiveRecord: 0.0ms | Allocations: 176185)


Started GET "/" for 127.0.0.1 at 2020-06-04 07:04:18 -0500
  [1m[35m (0.1ms)[0m  [1m[34mSELECT sqlite_version(*)[0m
Processing by IndexController#index as HTML
  Rendering index/index.html.erb within layouts/application
  Rendered index/index.html.erb within layouts/application (Duration: 0.1ms | Allocations: 4)
[Webpacker] Everything's up-to-date. Nothing to do
Completed 200 OK in 344ms (Views: 5.3ms | ActiveRecord: 0.0ms | Allocations: 27182)


Started GET "/" for 127.0.0.1 at 2020-06-04 07:07:47 -0500
  [1m[35m (0.1ms)[0m  [1m[34mSELECT sqlite_version(*)[0m
Processing by IndexController#index as HTML
  Rendering index/index.html.erb within layouts/application
  Rendered index/index.html.erb within layouts/application (Duration: 0.1ms | Allocations: 4)
[Webpacker] Everything's up-to-date. Nothing to do
Completed 200 OK in 520ms (Views: 4.5ms | ActiveRecord: 0.0ms | Allocations: 176928)


Started GET "/" for 127.0.0.1 at 2020-06-04 07:09:52 -0500
  [1m[35m (0.1ms)[0m  [1m[34mSELECT sqlite_version(*)[0m
Processing by IndexController#index as HTML
  Rendering index/index.html.erb within layouts/application
  Rendered index/index.html.erb within layouts/application (Duration: 0.0ms | Allocations: 4)
[Webpacker] Everything's up-to-date. Nothing to do
Completed 200 OK in 514ms (Views: 4.7ms | ActiveRecord: 0.0ms | Allocations: 228109)


Started GET "/" for 127.0.0.1 at 2020-06-04 07:11:30 -0500
  [1m[35m (0.1ms)[0m  [1m[34mSELECT sqlite_version(*)[0m
Processing by IndexController#index as HTML
  Rendering index/index.html.erb within layouts/application
  Rendered index/index.html.erb within layouts/application (Duration: 0.1ms | Allocations: 4)
[Webpacker] Everything's up-to-date. Nothing to do
Completed 200 OK in 482ms (Views: 4.6ms | ActiveRecord: 0.0ms | Allocations: 194542)


Started GET "/" for 127.0.0.1 at 2020-06-04 07:16:34 -0500
  [1m[35m (0.1ms)[0m  [1m[34mSELECT sqlite_version(*)[0m
Processing by IndexController#index as HTML
Completed 500 Internal Server Error in 310ms (ActiveRecord: 0.0ms | Allocations: 6542)


  
NoMethodError (undefined method `%' for #<Enumerator:0x00007f6a588434a0>):
  
app/controllers/index_controller.rb:16:in `block in grab_urls'
app/controllers/index_controller.rb:15:in `each'
app/controllers/index_controller.rb:15:in `grab_urls'
app/controllers/index_controller.rb:29:in `index'
Started GET "/" for 127.0.0.1 at 2020-06-04 07:16:59 -0500
  [1m[35m (0.1ms)[0m  [1m[34mSELECT sqlite_version(*)[0m
Processing by IndexController#index as HTML
Completed 500 Internal Server Error in 293ms (ActiveRecord: 0.0ms | Allocations: 6580)


  
NoMethodError (undefined method `%' for #<Enumerator:0x000055dcb5be72f0>):
  
app/controllers/index_controller.rb:16:in `block in grab_urls'
app/controllers/index_controller.rb:15:in `each'
app/controllers/index_controller.rb:15:in `grab_urls'
app/controllers/index_controller.rb:29:in `index'
Started GET "/" for 127.0.0.1 at 2020-06-04 07:17:14 -0500
  [1m[35m (0.1ms)[0m  [1m[34mSELECT sqlite_version(*)[0m
Processing by IndexController#index as HTML
  Rendering index/index.html.erb within layouts/application
  Rendered index/index.html.erb within layouts/application (Duration: 0.1ms | Allocations: 4)
[Webpacker] Everything's up-to-date. Nothing to do
Completed 200 OK in 415ms (Views: 9.2ms | ActiveRecord: 0.0ms | Allocations: 191965)


Started GET "/" for 127.0.0.1 at 2020-06-04 07:17:31 -0500
  [1m[35m (0.1ms)[0m  [1m[34mSELECT sqlite_version(*)[0m
Processing by IndexController#index as HTML
  Rendering index/index.html.erb within layouts/application
  Rendered index/index.html.erb within layouts/application (Duration: 0.0ms | Allocations: 4)
[Webpacker] Everything's up-to-date. Nothing to do
Completed 200 OK in 222ms (Views: 4.2ms | ActiveRecord: 0.0ms | Allocations: 10578)


Started GET "/" for 127.0.0.1 at 2020-06-04 07:17:56 -0500
  [1m[35m (0.1ms)[0m  [1m[34mSELECT sqlite_version(*)[0m
Processing by IndexController#index as HTML
  Rendering index/index.html.erb within layouts/application
  Rendered index/index.html.erb within layouts/application (Duration: 0.0ms | Allocations: 4)
[Webpacker] Everything's up-to-date. Nothing to do
Completed 200 OK in 355ms (Views: 4.1ms | ActiveRecord: 0.0ms | Allocations: 190392)


Started GET "/" for 127.0.0.1 at 2020-06-04 07:18:18 -0500
  [1m[35m (0.1ms)[0m  [1m[34mSELECT sqlite_version(*)[0m
Processing by IndexController#index as HTML
  Rendering index/index.html.erb within layouts/application
  Rendered index/index.html.erb within layouts/application (Duration: 0.1ms | Allocations: 4)
[Webpacker] Everything's up-to-date. Nothing to do
Completed 200 OK in 355ms (Views: 5.0ms | ActiveRecord: 0.0ms | Allocations: 191993)


Started GET "/" for 127.0.0.1 at 2020-06-04 07:18:39 -0500
  [1m[35m (0.1ms)[0m  [1m[34mSELECT sqlite_version(*)[0m
Processing by IndexController#index as HTML
Completed 500 Internal Server Error in 208ms (ActiveRecord: 0.0ms | Allocations: 7046)


  
NoMethodError (undefined method `index' for #<Nokogiri::XML::Element:0x00007f6a515cb260>
Did you mean?  index_by):
  
app/controllers/index_controller.rb:16:in `block in grab_urls'
app/controllers/index_controller.rb:15:in `each'
app/controllers/index_controller.rb:15:in `grab_urls'
app/controllers/index_controller.rb:30:in `index'
Started GET "/" for 127.0.0.1 at 2020-06-04 07:19:44 -0500
  [1m[35m (0.1ms)[0m  [1m[34mSELECT sqlite_version(*)[0m
Processing by IndexController#index as HTML
  Rendering index/index.html.erb within layouts/application
  Rendered index/index.html.erb within layouts/application (Duration: 0.0ms | Allocations: 4)
[Webpacker] Everything's up-to-date. Nothing to do
Completed 200 OK in 465ms (Views: 5.6ms | ActiveRecord: 0.0ms | Allocations: 191951)


Started GET "/" for 127.0.0.1 at 2020-06-04 07:20:04 -0500
  [1m[35m (0.1ms)[0m  [1m[34mSELECT sqlite_version(*)[0m
Processing by IndexController#index as HTML
  Rendering index/index.html.erb within layouts/application
  Rendered index/index.html.erb within layouts/application (Duration: 0.0ms | Allocations: 4)
[Webpacker] Everything's up-to-date. Nothing to do
Completed 200 OK in 471ms (Views: 5.9ms | ActiveRecord: 0.0ms | Allocations: 191971)


Started GET "/" for 127.0.0.1 at 2020-06-04 07:20:35 -0500
  [1m[35m (0.1ms)[0m  [1m[34mSELECT sqlite_version(*)[0m
Processing by IndexController#index as HTML
  Rendering index/index.html.erb within layouts/application
  Rendered index/index.html.erb within layouts/application (Duration: 0.0ms | Allocations: 4)
[Webpacker] Everything's up-to-date. Nothing to do
Completed 200 OK in 383ms (Views: 4.3ms | ActiveRecord: 0.0ms | Allocations: 73089)


Started GET "/" for 127.0.0.1 at 2020-06-04 07:23:59 -0500
  [1m[35m (0.1ms)[0m  [1m[34mSELECT sqlite_version(*)[0m
Processing by IndexController#index as HTML
  Rendering index/index.html.erb within layouts/application
  Rendered index/index.html.erb within layouts/application (Duration: 0.0ms | Allocations: 4)
[Webpacker] Everything's up-to-date. Nothing to do
Completed 200 OK in 267ms (Views: 5.0ms | ActiveRecord: 0.0ms | Allocations: 30911)


Started GET "/" for 127.0.0.1 at 2020-06-04 07:26:28 -0500
  [1m[35m (0.1ms)[0m  [1m[34mSELECT sqlite_version(*)[0m
Processing by IndexController#index as HTML
Completed 500 Internal Server Error in 247ms (ActiveRecord: 0.0ms | Allocations: 7179)


  
NoMethodError (undefined method `value' for #<Nokogiri::XML::Element:0x000055dcb574b9f8>
Did you mean?  values):
  
app/controllers/index_controller.rb:19:in `block in grab_urls'
app/controllers/index_controller.rb:15:in `each'
app/controllers/index_controller.rb:15:in `each_with_index'
app/controllers/index_controller.rb:15:in `grab_urls'
app/controllers/index_controller.rb:34:in `index'
Started GET "/" for 127.0.0.1 at 2020-06-04 07:26:57 -0500
  [1m[35m (0.1ms)[0m  [1m[34mSELECT sqlite_version(*)[0m
Processing by IndexController#index as HTML
  Rendering index/index.html.erb within layouts/application
  Rendered index/index.html.erb within layouts/application (Duration: 0.0ms | Allocations: 4)
[Webpacker] Everything's up-to-date. Nothing to do
Completed 200 OK in 292ms (Views: 4.2ms | ActiveRecord: 0.0ms | Allocations: 46284)


Started GET "/" for 127.0.0.1 at 2020-06-04 07:27:29 -0500
  [1m[35m (0.1ms)[0m  [1m[34mSELECT sqlite_version(*)[0m
Processing by IndexController#index as HTML
  Rendering index/index.html.erb within layouts/application
  Rendered index/index.html.erb within layouts/application (Duration: 0.0ms | Allocations: 4)
[Webpacker] Everything's up-to-date. Nothing to do
Completed 200 OK in 229ms (Views: 4.0ms | ActiveRecord: 0.0ms | Allocations: 26427)


Started GET "/" for 127.0.0.1 at 2020-06-04 07:28:54 -0500
  [1m[35m (0.1ms)[0m  [1m[34mSELECT sqlite_version(*)[0m
Processing by IndexController#index as HTML
  Rendering index/index.html.erb within layouts/application
  Rendered index/index.html.erb within layouts/application (Duration: 0.1ms | Allocations: 4)
[Webpacker] Everything's up-to-date. Nothing to do
Completed 200 OK in 259ms (Views: 4.4ms | ActiveRecord: 0.0ms | Allocations: 13906)


Started GET "/" for 127.0.0.1 at 2020-06-04 07:30:10 -0500
  [1m[35m (0.1ms)[0m  [1m[34mSELECT sqlite_version(*)[0m
Processing by IndexController#index as HTML
  Rendering index/index.html.erb within layouts/application
  Rendered index/index.html.erb within layouts/application (Duration: 0.0ms | Allocations: 4)
[Webpacker] Everything's up-to-date. Nothing to do
Completed 200 OK in 299ms (Views: 4.6ms | ActiveRecord: 0.0ms | Allocations: 13552)


Started GET "/" for 127.0.0.1 at 2020-06-04 07:31:33 -0500
  [1m[35m (0.1ms)[0m  [1m[34mSELECT sqlite_version(*)[0m
Processing by IndexController#index as HTML
  Rendering index/index.html.erb within layouts/application
  Rendered index/index.html.erb within layouts/application (Duration: 0.0ms | Allocations: 4)
[Webpacker] Everything's up-to-date. Nothing to do
Completed 200 OK in 288ms (Views: 4.3ms | ActiveRecord: 0.0ms | Allocations: 14361)


Started GET "/" for 127.0.0.1 at 2020-06-04 07:32:14 -0500
  [1m[35m (0.1ms)[0m  [1m[34mSELECT sqlite_version(*)[0m
Processing by IndexController#index as HTML
  Rendering index/index.html.erb within layouts/application
  Rendered index/index.html.erb within layouts/application (Duration: 0.0ms | Allocations: 4)
[Webpacker] Everything's up-to-date. Nothing to do
Completed 200 OK in 282ms (Views: 4.4ms | ActiveRecord: 0.0ms | Allocations: 15178)


Started GET "/" for 127.0.0.1 at 2020-06-04 07:32:40 -0500
  [1m[35m (0.1ms)[0m  [1m[34mSELECT sqlite_version(*)[0m
Processing by IndexController#index as HTML
  Rendering index/index.html.erb within layouts/application
  Rendered index/index.html.erb within layouts/application (Duration: 0.1ms | Allocations: 4)
[Webpacker] Everything's up-to-date. Nothing to do
Completed 200 OK in 231ms (Views: 8.6ms | ActiveRecord: 0.0ms | Allocations: 16065)


Started GET "/" for 127.0.0.1 at 2020-06-04 07:32:57 -0500
  [1m[35m (0.1ms)[0m  [1m[34mSELECT sqlite_version(*)[0m
Processing by IndexController#index as HTML
  Rendering index/index.html.erb within layouts/application
  Rendered index/index.html.erb within layouts/application (Duration: 0.0ms | Allocations: 4)
[Webpacker] Everything's up-to-date. Nothing to do
Completed 200 OK in 232ms (Views: 5.5ms | ActiveRecord: 0.0ms | Allocations: 15195)


Started GET "/" for 127.0.0.1 at 2020-06-04 07:33:58 -0500
  [1m[35m (0.1ms)[0m  [1m[34mSELECT sqlite_version(*)[0m
Processing by IndexController#index as HTML
  Rendering index/index.html.erb within layouts/application
  Rendered index/index.html.erb within layouts/application (Duration: 0.0ms | Allocations: 4)
[Webpacker] Everything's up-to-date. Nothing to do
Completed 200 OK in 285ms (Views: 5.6ms | ActiveRecord: 0.0ms | Allocations: 13793)


Started GET "/" for 127.0.0.1 at 2020-06-04 07:34:56 -0500
  [1m[35m (0.1ms)[0m  [1m[34mSELECT sqlite_version(*)[0m
Processing by IndexController#index as HTML
Completed 500 Internal Server Error in 337ms (ActiveRecord: 0.0ms | Allocations: 5689)


  
TypeError (wrong argument type Integer (expected Regexp)):
  
app/controllers/index_controller.rb:18:in `block in grab_urls'
app/controllers/index_controller.rb:15:in `each'
app/controllers/index_controller.rb:15:in `each_with_index'
app/controllers/index_controller.rb:15:in `grab_urls'
app/controllers/index_controller.rb:31:in `index'
Started GET "/" for 127.0.0.1 at 2020-06-04 07:36:17 -0500
  [1m[35m (0.1ms)[0m  [1m[34mSELECT sqlite_version(*)[0m
Processing by IndexController#index as HTML
  Rendering index/index.html.erb within layouts/application
  Rendered index/index.html.erb within layouts/application (Duration: 0.0ms | Allocations: 4)
[Webpacker] Everything's up-to-date. Nothing to do
Completed 200 OK in 282ms (Views: 4.0ms | ActiveRecord: 0.0ms | Allocations: 13810)


Started GET "/" for 127.0.0.1 at 2020-06-04 07:36:30 -0500
  [1m[35m (0.1ms)[0m  [1m[34mSELECT sqlite_version(*)[0m
Processing by IndexController#index as HTML
Completed 500 Internal Server Error in 224ms (ActiveRecord: 0.0ms | Allocations: 10543)


  
TypeError (wrong argument type Integer (expected Regexp)):
  
app/controllers/index_controller.rb:25:in `block in grab_urls'
app/controllers/index_controller.rb:24:in `each'
app/controllers/index_controller.rb:24:in `grab_urls'
app/controllers/index_controller.rb:36:in `index'
Started GET "/" for 127.0.0.1 at 2020-06-04 07:37:12 -0500
  [1m[35m (0.1ms)[0m  [1m[34mSELECT sqlite_version(*)[0m
Processing by IndexController#index as HTML
  Rendering index/index.html.erb within layouts/application
  Rendered index/index.html.erb within layouts/application (Duration: 0.1ms | Allocations: 4)
[Webpacker] Everything's up-to-date. Nothing to do
Completed 200 OK in 280ms (Views: 4.1ms | ActiveRecord: 0.0ms | Allocations: 13989)


Started GET "/" for 127.0.0.1 at 2020-06-04 07:37:32 -0500
  [1m[35m (0.1ms)[0m  [1m[34mSELECT sqlite_version(*)[0m
Processing by IndexController#index as HTML
  Rendering index/index.html.erb within layouts/application
  Rendered index/index.html.erb within layouts/application (Duration: 0.0ms | Allocations: 4)
[Webpacker] Everything's up-to-date. Nothing to do
Completed 200 OK in 255ms (Views: 4.0ms | ActiveRecord: 0.0ms | Allocations: 14205)


Started GET "/" for 127.0.0.1 at 2020-06-04 07:38:29 -0500
  [1m[35m (0.1ms)[0m  [1m[34mSELECT sqlite_version(*)[0m
Processing by IndexController#index as HTML
  Rendering index/index.html.erb within layouts/application
  Rendered index/index.html.erb within layouts/application (Duration: 0.0ms | Allocations: 4)
[Webpacker] Everything's up-to-date. Nothing to do
Completed 200 OK in 264ms (Views: 3.9ms | ActiveRecord: 0.0ms | Allocations: 14157)


Started GET "/" for 127.0.0.1 at 2020-06-04 07:39:14 -0500
  [1m[35m (0.1ms)[0m  [1m[34mSELECT sqlite_version(*)[0m
Processing by IndexController#index as HTML
  Rendering index/index.html.erb within layouts/application
  Rendered index/index.html.erb within layouts/application (Duration: 0.0ms | Allocations: 4)
[Webpacker] Everything's up-to-date. Nothing to do
Completed 200 OK in 299ms (Views: 4.7ms | ActiveRecord: 0.0ms | Allocations: 14015)


